[0m13:56:01.635445 [debug] [MainThread]: Sending event: {'category': 'dbt', 'action': 'invocation', 'label': 'start', 'context': [<snowplow_tracker.self_describing_json.SelfDescribingJson object at 0x000001E72D68C830>, <snowplow_tracker.self_describing_json.SelfDescribingJson object at 0x000001E72E7C7ED0>, <snowplow_tracker.self_describing_json.SelfDescribingJson object at 0x000001E72E7C7C50>]}


============================== 13:56:01.648221 | 1c683c10-cf44-4c74-b801-7f40cead037b ==============================
[0m13:56:01.648221 [info ] [MainThread]: Running with dbt=1.11.6
[0m13:56:01.648954 [debug] [MainThread]: running dbt with arguments {'version_check': 'True', 'no_print': 'None', 'static_parser': 'True', 'warn_error_options': 'WarnErrorOptionsV2(error=[], warn=[], silence=[])', 'target_path': 'None', 'printer_width': '80', 'write_json': 'True', 'empty': 'None', 'log_cache_events': 'False', 'introspect': 'True', 'cache_selected_only': 'False', 'log_format': 'default', 'debug': 'False', 'fail_fast': 'False', 'profiles_dir': 'C:\\Users\\안주현\\.dbt', 'send_anonymous_usage_stats': 'True', 'quiet': 'False', 'warn_error': 'None', 'partial_parse': 'True', 'use_colors': 'True', 'invocation_command': 'dbt debug', 'indirect_selection': 'eager', 'use_experimental_parser': 'False', 'log_path': 'C:\\project\\lh-lease-notice-splInfo_app\\logs'}
[0m13:56:01.668896 [info ] [MainThread]: dbt version: 1.11.6
[0m13:56:01.669369 [info ] [MainThread]: python version: 3.13.3
[0m13:56:01.669721 [info ] [MainThread]: python path: C:\project\lh-lease-notice-splInfo_app\.venv\Scripts\python.exe
[0m13:56:01.670042 [info ] [MainThread]: os info: Windows-11-10.0.26200-SP0
[0m13:56:01.726412 [info ] [MainThread]: Using profiles dir at C:\Users\안주현\.dbt
[0m13:56:01.726930 [info ] [MainThread]: Using profiles.yml file at C:\Users\안주현\.dbt\profiles.yml
[0m13:56:01.727247 [info ] [MainThread]: Using dbt_project.yml file at C:\project\lh-lease-notice-splInfo_app\dbt_project.yml
[0m13:56:01.728163 [info ] [MainThread]: adapter type: postgres
[0m13:56:01.728493 [info ] [MainThread]: adapter version: 1.8.2
[0m13:56:01.831240 [info ] [MainThread]: Configuration:
[0m13:56:01.831773 [info ] [MainThread]:   profiles.yml file [[32mOK found and valid[0m]
[0m13:56:01.832498 [info ] [MainThread]:   dbt_project.yml file [[32mOK found and valid[0m]
[0m13:56:01.832796 [info ] [MainThread]: Required dependencies:
[0m13:56:01.833092 [debug] [MainThread]: Executing "git --help"
[0m13:56:01.866352 [debug] [MainThread]: STDOUT: "b"usage: git [-v | --version] [-h | --help] [-C <path>] [-c <name>=<value>]\n           [--exec-path[=<path>]] [--html-path] [--man-path] [--info-path]\n           [-p | --paginate | -P | --no-pager] [--no-replace-objects] [--no-lazy-fetch]\n           [--no-optional-locks] [--no-advice] [--bare] [--git-dir=<path>]\n           [--work-tree=<path>] [--namespace=<name>] [--config-env=<name>=<envvar>]\n           <command> [<args>]\n\nThese are common Git commands used in various situations:\n\nstart a working area (see also: git help tutorial)\n   clone      Clone a repository into a new directory\n   init       Create an empty Git repository or reinitialize an existing one\n\nwork on the current change (see also: git help everyday)\n   add        Add file contents to the index\n   mv         Move or rename a file, a directory, or a symlink\n   restore    Restore working tree files\n   rm         Remove files from the working tree and from the index\n\nexamine the history and state (see also: git help revisions)\n   bisect     Use binary search to find the commit that introduced a bug\n   diff       Show changes between commits, commit and working tree, etc\n   grep       Print lines matching a pattern\n   log        Show commit logs\n   show       Show various types of objects\n   status     Show the working tree status\n\ngrow, mark and tweak your common history\n   backfill   Download missing objects in a partial clone\n   branch     List, create, or delete branches\n   commit     Record changes to the repository\n   merge      Join two or more development histories together\n   rebase     Reapply commits on top of another base tip\n   reset      Reset current HEAD to the specified state\n   switch     Switch branches\n   tag        Create, list, delete or verify a tag object signed with GPG\n\ncollaborate (see also: git help workflows)\n   fetch      Download objects and refs from another repository\n   pull       Fetch from and integrate with another repository or a local branch\n   push       Update remote refs along with associated objects\n\n'git help -a' and 'git help -g' list available subcommands and some\nconcept guides. See 'git help <command>' or 'git help <concept>'\nto read about a specific subcommand or concept.\nSee 'git help git' for an overview of the system.\n""
[0m13:56:01.866860 [debug] [MainThread]: STDERR: "b''"
[0m13:56:01.867165 [info ] [MainThread]:  - git [[32mOK found[0m]

[0m13:56:01.867701 [info ] [MainThread]: Connection:
[0m13:56:01.868231 [info ] [MainThread]:   host: aws-1-ap-northeast-2.pooler.supabase.com
[0m13:56:01.868685 [info ] [MainThread]:   port: 6543
[0m13:56:01.869110 [info ] [MainThread]:   user: postgres.qxxqxgbmzsmjcxcmctgd
[0m13:56:01.869514 [info ] [MainThread]:   database: postgres
[0m13:56:01.869925 [info ] [MainThread]:   schema: public
[0m13:56:01.870369 [info ] [MainThread]:   connect_timeout: 10
[0m13:56:01.870798 [info ] [MainThread]:   role: None
[0m13:56:01.871208 [info ] [MainThread]:   search_path: None
[0m13:56:01.871586 [info ] [MainThread]:   keepalives_idle: 0
[0m13:56:01.871970 [info ] [MainThread]:   sslmode: None
[0m13:56:01.872314 [info ] [MainThread]:   sslcert: None
[0m13:56:01.872603 [info ] [MainThread]:   sslkey: None
[0m13:56:01.872883 [info ] [MainThread]:   sslrootcert: None
[0m13:56:01.873240 [info ] [MainThread]:   application_name: dbt
[0m13:56:01.873580 [info ] [MainThread]:   retries: 1
[0m13:56:01.874252 [info ] [MainThread]: Registered adapter: postgres=1.8.2
[0m13:56:02.251138 [debug] [MainThread]: Acquiring new postgres connection 'debug'
[0m13:56:02.399328 [debug] [MainThread]: Using postgres connection "debug"
[0m13:56:02.399810 [debug] [MainThread]: On debug: select 1 as id
[0m13:56:02.400236 [debug] [MainThread]: Opening a new connection, currently in state init
[0m13:56:02.710606 [debug] [MainThread]: Postgres adapter: Got a retryable error when attempting to open a postgres connection.
1 attempts remaining. Retrying in 0 seconds.
Error:
connection to server at "aws-1-ap-northeast-2.pooler.supabase.com" (3.39.47.126), port 6543 failed: FATAL:  password authentication failed for user "postgres"
connection to server at "aws-1-ap-northeast-2.pooler.supabase.com" (3.39.47.126), port 6543 failed: FATAL:  password authentication failed for user "postgres"

[0m13:56:02.834757 [debug] [MainThread]: Postgres adapter: Error running SQL: select 1 as id
[0m13:56:02.835489 [debug] [MainThread]: Postgres adapter: Rolling back transaction.
[0m13:56:02.835896 [debug] [MainThread]: On debug: No close available on handle
[0m13:56:02.836285 [info ] [MainThread]:   Connection test: [[31mERROR[0m]

[0m13:56:02.836763 [info ] [MainThread]: [31m1 check failed:[0m
[0m13:56:02.837152 [info ] [MainThread]: dbt was unable to connect to the specified database.
The database returned the following error:

  >Database Error
  connection to server at "aws-1-ap-northeast-2.pooler.supabase.com" (3.39.47.126), port 6543 failed: FATAL:  password authentication failed for user "postgres"
  connection to server at "aws-1-ap-northeast-2.pooler.supabase.com" (3.39.47.126), port 6543 failed: FATAL:  password authentication failed for user "postgres"
  

Check your database credentials and try again. For more information, visit:
https://docs.getdbt.com/docs/configure-your-profile


[0m13:56:02.838307 [debug] [MainThread]: Command `dbt debug` failed at 13:56:02.838128 after 1.39 seconds
[0m13:56:02.838676 [debug] [MainThread]: Connection 'debug' was properly closed.
[0m13:56:02.839027 [debug] [MainThread]: Sending event: {'category': 'dbt', 'action': 'invocation', 'label': 'end', 'context': [<snowplow_tracker.self_describing_json.SelfDescribingJson object at 0x000001E72FE443E0>, <snowplow_tracker.self_describing_json.SelfDescribingJson object at 0x000001E72FAEE570>, <snowplow_tracker.self_describing_json.SelfDescribingJson object at 0x000001E72E86D370>]}
[0m13:56:02.839543 [debug] [MainThread]: Flushing usage events
[0m13:56:04.053588 [debug] [MainThread]: An error was encountered while trying to flush usage events
