==================== 2026-02-25T04:50:48.871055Z | 0ad46b19-caab-40b5-91ab-02b4a45669f4 ====================
04:50:48.871175 [info ]: Starting dbt LSP server
04:50:48.871239 [info ]: Connecting to LSP client on port 8000
04:50:48.874577 [info ]: Successfully connected to LSP client
04:50:48.874598 [info ]: Creating LSP service...
04:50:48.944777 [info ]: Creating LSP server...
04:50:48.945369 [info ]: Starting LSP server...
04:50:49.079226 [info ]: Started loading project
04:50:49.133772 [info ]: Loading ~/.dbt/profiles.yml
04:50:49.144975 [info ]: Finished loading project [  0.07s]
04:52:16.515165 [info ]: Loading ~/.dbt/profiles.yml
04:52:20.290796 [info ]: Loading ~/.dbt/profiles.yml
04:53:08.557584 [info ]: Started loading project
04:53:08.558531 [info ]: Loading ~/.dbt/profiles.yml
04:53:08.614944 [debug]:    Started loading packages
04:53:08.643017 [debug]:     Loaded [  0.03s] packages
04:53:08.660076 [info ]: Started parsing
04:53:08.718503 [info ]: Finished loading project [  0.16s]
04:53:08.753143 [debug]: Finished parsing models\marts\app\schema.yml [  0.02s]
04:53:08.754959 [debug]: Finished parsing models\sources\sources.yml [  0.00s]
04:53:08.755382 [debug]: Finished parsing models\staging\schema.yml [  0.00s]
04:53:08.793005 [debug]: Finished parsing models\marts\app\mart_notice_detail.sql [  0.02s]
04:53:08.794358 [debug]: Finished parsing models\marts\app\mart_notice_map.sql [  0.00s]
04:53:08.795908 [debug]: Finished parsing models\staging\stg_geocoded_addresses.sql [  0.00s]
04:53:08.796990 [debug]: Finished parsing models\staging\stg_lh_notice_list.sql [  0.00s]
04:53:08.828079 [debug]: Finished parsing models\staging\stg_lh_supply_info.sql [  0.03s]
04:53:08.831809 [debug]: Finished parsing target\generic_tests\not_null_mart_notice_detail_notice_id.sql [  0.00s]
04:53:08.833556 [debug]: Finished parsing target\generic_tests\unique_mart_notice_map_notice_id.sql [  0.00s]
04:53:08.835249 [debug]: Finished parsing target\generic_tests\not_null_mart_notice_map_notice_id.sql [  0.00s]
04:53:08.837306 [debug]: Finished parsing target\generic_tests\unique_stg_geocoded_addresses_address.sql [  0.00s]
04:53:08.839054 [debug]: Finished parsing target\generic_tests\not_null_stg_geocoded_addresses_address.sql [  0.00s]
04:53:08.840652 [debug]: Finished parsing target\generic_tests\not_null_stg_geocoded_addresses_latitude.sql [  0.00s]
04:53:08.842210 [debug]: Finished parsing target\generic_tests\not_null_stg_geocoded_addresses_longitude.sql [  0.00s]
04:53:08.843671 [debug]: Finished parsing target\generic_tests\unique_stg_lh_notice_list_notice_id.sql [  0.00s]
04:53:08.845260 [debug]: Finished parsing target\generic_tests\not_null_stg_lh_notice_list_notice_id.sql [  0.00s]
04:53:08.846974 [debug]: Finished parsing target\generic_tests\not_null_stg_lh_notice_list_notice_name.sql [  0.00s]
04:53:08.854778 [debug]: Finished parsing target\generic_tests\not_null_stg_lh_supply_info_notice_id.sql [  0.01s]
04:53:08.863403 [info ]: Finished parsing [  0.20s]
04:53:08.866615 [info ]: Cached model count updated: 5 models (estimate)
04:53:08.866631 [info ]: Cached model count updated: 5 models (accurate)
04:53:08.870215 [info ]: Started scheduling
04:53:08.874137 [info ]: Finished scheduling [  0.00s]
04:53:08.874383 [info ]: Started scheduling
04:53:08.874474 [info ]: Finished scheduling [  0.00s]
04:53:08.880640 [debug]: Initializing schema store with entry: Frontier(CanonicalFqn { catalog: "postgres", schema: "public", table: "ods_geocoded_addresses" }) and interval: None
04:53:08.881213 [debug]: Initializing schema store with entry: Frontier(CanonicalFqn { catalog: "postgres", schema: "public", table: "ods_lh_lease_notice_info" }) and interval: None
04:53:08.881270 [debug]: Initializing schema store with entry: Frontier(CanonicalFqn { catalog: "postgres", schema: "public", table: "ods_lh_lease_notice_spl_info" }) and interval: None
04:53:08.887234 [info ]: Started deferring state
04:53:08.887491 [info ]: Finished deferring state [  0.00s]
04:53:08.935536 [info ]: Started downloading schemas
04:53:08.937543 [debug]:    Started downloading relations
04:53:08.939395 [debug]:   Finished [  0.00s] downloading relations
04:53:08.946018 [info ]: Finished downloading schemas [  0.01s]
04:53:09.229608 [info ]: Loading ~/.dbt/profiles.yml
